{"name": "test_one[chromium]", "status": "failed", "statusDetails": {"message": "AssertionError: Page title expected to be 'СППИ - Профиль'\nActual value: СППИ - Вход \nCall log:\nPageAssertions.to_have_title with timeout 5000ms\n  - waiting for locator(\":root\")\n  -   locator resolved to <html lang=\"ru-ru\">…</html>\n  -   unexpected value \"Система представления планов полетов по сети Интернет\"\n  -   locator resolved to <html lang=\"ru-ru\">…</html>\n  -   unexpected value \"Система представления планов полетов по сети Интернет\"\n  -   locator resolved to <html lang=\"ru-ru\">…</html>\n  -   unexpected value \"Система представления планов полетов по сети Интернет\"\n  -   locator resolved to <html lang=\"ru-ru\">…</html>\n  -   unexpected value \"СППИ - Вход\"\n  -   locator resolved to <html lang=\"ru-ru\">…</html>\n  -   unexpected value \"СППИ - Вход\"\n  -   locator resolved to <html lang=\"ru-ru\">…</html>\n  -   unexpected value \"СППИ - Вход\"\n  -   locator resolved to <html lang=\"ru-ru\">…</html>\n  -   unexpected value \"СППИ - Вход\"\n  -   locator resolved to <html lang=\"ru-ru\">…</html>\n  -   unexpected value \"СППИ - Вход\"\n  -   locator resolved to <html lang=\"ru-ru\">…</html>\n  -   unexpected value \"СППИ - Вход\"", "trace": "page = <Page url='about:blank'>\nauth_admin = <Page url='http://app.sppi.dev.plan/sign-in'>\n\n    @allure.feature('Authorization/registration')\n    def test_one(page: Page, auth_admin):\n        base = BasePage(page, auth_admin)\n>       base.go_profile()\n\n..\\..\\..\\..\\M_Soft\\sspi_aqa\\tests\\test_bvs.py:15: \n_ _ _ _ _ _ _ _ _ _ _ _ _ _ _ _ _ _ _ _ _ _ _ _ _ _ _ _ _ _ _ _ _ _ _ _ _ _ _ _\n\nself = <page_objects.base_page.BasePage object at 0x00000000064AA270>\n\n    def go_profile(self):\n    \n        self.admin_page.goto('http://app.sppi.dev.plan/profile')\n>       expect(self.admin_page).to_have_title('СППИ - Профиль')\nE       AssertionError: Page title expected to be 'СППИ - Профиль'\nE       Actual value: СППИ - Вход \nE       Call log:\nE       PageAssertions.to_have_title with timeout 5000ms\nE         - waiting for locator(\":root\")\nE         -   locator resolved to <html lang=\"ru-ru\">…</html>\nE         -   unexpected value \"Система представления планов полетов по сети Интернет\"\nE         -   locator resolved to <html lang=\"ru-ru\">…</html>\nE         -   unexpected value \"Система представления планов полетов по сети Интернет\"\nE         -   locator resolved to <html lang=\"ru-ru\">…</html>\nE         -   unexpected value \"Система представления планов полетов по сети Интернет\"\nE         -   locator resolved to <html lang=\"ru-ru\">…</html>\nE         -   unexpected value \"СППИ - Вход\"\nE         -   locator resolved to <html lang=\"ru-ru\">…</html>\nE         -   unexpected value \"СППИ - Вход\"\nE         -   locator resolved to <html lang=\"ru-ru\">…</html>\nE         -   unexpected value \"СППИ - Вход\"\nE         -   locator resolved to <html lang=\"ru-ru\">…</html>\nE         -   unexpected value \"СППИ - Вход\"\nE         -   locator resolved to <html lang=\"ru-ru\">…</html>\nE         -   unexpected value \"СППИ - Вход\"\nE         -   locator resolved to <html lang=\"ru-ru\">…</html>\nE         -   unexpected value \"СППИ - Вход\"\n\n..\\page_objects\\base_page.py:22: AssertionError"}, "parameters": [{"name": "browser_name", "value": "'chromium'"}], "start": 1725003525437, "stop": 1725003531035, "uuid": "d7fbc3d7-960a-48af-93fb-06b2073a324d", "historyId": "30c77d3f0852c2cf4008708c36895b7d", "testCaseId": "e3cafe7a7b60970792ca7a53836f46c5", "fullName": "tests.test_bvs#test_one", "labels": [{"name": "feature", "value": "Authorization/registration"}, {"name": "parentSuite", "value": "tests"}, {"name": "suite", "value": "test_bvs"}, {"name": "host", "value": "DESKTOP-JPCDD3B"}, {"name": "thread", "value": "8068-MainThread"}, {"name": "framework", "value": "pytest"}, {"name": "language", "value": "cpython3"}, {"name": "package", "value": "tests.test_bvs"}]}